# JRE version: OpenJDK Runtime Environment (17.0.6) (build 17.0.6+0-b2043.56-10027231)
# Java VM: OpenJDK 64-Bit Server VM (17.0.6+0-b2043.56-10027231, mixed mode, tiered, compressed oops, compressed class ptrs, g1 gc, windows-amd64)
GC Precious Log:
 CPUs: 8 total, 8 available
 Memory: 16221M
 Large Page Support: Disabled
 NUMA Support: Disabled
 Compressed Oops: Enabled (32-bit)
 Heap Region Size: 1M
 Heap Min Capacity: 8M
 Heap Initial Capacity: 254M
 Heap Max Capacity: 2G
 Pre-touch: Disabled
 Parallel Workers: 8
 Concurrent Workers: 2
 Concurrent Refinement Workers: 8
 Periodic GC: Disabled
Heap:
 garbage-first heap   total 481280K, used 383629K [0x0000000080000000, 0x0000000100000000)
  region size 1024K, 94 young (96256K), 7 survivors (7168K)
 Metaspace       used 136899K, committed 137792K, reserved 1171456K
  class space    used 18078K, committed 18496K, reserved 1048576K
GC Heap History (20 events):
Event: 23.123 GC heap before
{Heap before GC invocations=57 (full 0):
 garbage-first heap   total 481280K, used 425637K [0x0000000080000000, 0x0000000100000000)
  region size 1024K, 251 young (257024K), 11 survivors (11264K)
 Metaspace       used 113946K, committed 114688K, reserved 1155072K
  class space    used 15457K, committed 15808K, reserved 1048576K
}
Event: 23.136 GC heap after
{Heap after GC invocations=58 (full 0):
 garbage-first heap   total 481280K, used 172187K [0x0000000080000000, 0x0000000100000000)
  region size 1024K, 8 young (8192K), 8 survivors (8192K)
 Metaspace       used 113946K, committed 114688K, reserved 1155072K
  class space    used 15457K, committed 15808K, reserved 1048576K
}
Event: 23.485 GC heap before
{Heap before GC invocations=58 (full 0):
 garbage-first heap   total 481280K, used 244891K [0x0000000080000000, 0x0000000100000000)
  region size 1024K, 56 young (57344K), 8 survivors (8192K)
 Metaspace       used 114902K, committed 115648K, reserved 1155072K
  class space    used 15583K, committed 15936K, reserved 1048576K
}
Event: 23.500 GC heap after
{Heap after GC invocations=59 (full 0):
 garbage-first heap   total 481280K, used 199773K [0x0000000080000000, 0x0000000100000000)
  region size 1024K, 18 young (18432K), 18 survivors (18432K)
 Metaspace       used 114902K, committed 115648K, reserved 1155072K
  class space    used 15583K, committed 15936K, reserved 1048576K
}
Event: 23.594 GC heap before
{Heap before GC invocations=59 (full 0):
 garbage-first heap   total 481280K, used 227421K [0x0000000080000000, 0x0000000100000000)
  region size 1024K, 33 young (33792K), 18 survivors (18432K)
 Metaspace       used 115076K, committed 115776K, reserved 1155072K
  class space    used 15599K, committed 15936K, reserved 1048576K
}
Event: 23.607 GC heap after
{Heap after GC invocations=60 (full 0):
 garbage-first heap   total 481280K, used 207319K [0x0000000080000000, 0x0000000100000000)
  region size 1024K, 17 young (17408K), 17 survivors (17408K)
 Metaspace       used 115076K, committed 115776K, reserved 1155072K
  class space    used 15599K, committed 15936K, reserved 1048576K
}
Event: 25.581 GC heap before
{Heap before GC invocations=61 (full 0):
 garbage-first heap   total 481280K, used 377303K [0x0000000080000000, 0x0000000100000000)
  region size 1024K, 183 young (187392K), 17 survivors (17408K)
 Metaspace       used 117272K, committed 118016K, reserved 1155072K
  class space    used 15793K, committed 16128K, reserved 1048576K
}
Event: 25.625 GC heap after
{Heap after GC invocations=62 (full 0):
 garbage-first heap   total 481280K, used 248477K [0x0000000080000000, 0x0000000100000000)
  region size 1024K, 23 young (23552K), 23 survivors (23552K)
 Metaspace       used 117272K, committed 118016K, reserved 1155072K
  class space    used 15793K, committed 16128K, reserved 1048576K
}
Event: 25.649 GC heap before
{Heap before GC invocations=62 (full 0):
 garbage-first heap   total 481280K, used 249501K [0x0000000080000000, 0x0000000100000000)
  region size 1024K, 24 young (24576K), 23 survivors (23552K)
 Metaspace       used 117296K, committed 118080K, reserved 1155072K
  class space    used 15795K, committed 16128K, reserved 1048576K
}
Event: 25.679 GC heap after
{Heap after GC invocations=63 (full 0):
 garbage-first heap   total 481280K, used 226816K [0x0000000080000000, 0x0000000100000000)
  region size 1024K, 3 young (3072K), 3 survivors (3072K)
 Metaspace       used 117296K, committed 118080K, reserved 1155072K
  class space    used 15795K, committed 16128K, reserved 1048576K
}
Event: 27.833 GC heap before
{Heap before GC invocations=63 (full 0):
 garbage-first heap   total 481280K, used 371200K [0x0000000080000000, 0x0000000100000000)
  region size 1024K, 129 young (132096K), 3 survivors (3072K)
 Metaspace       used 117889K, committed 118656K, reserved 1155072K
  class space    used 15858K, committed 16192K, reserved 1048576K
}
Event: 27.846 GC heap after
{Heap after GC invocations=64 (full 0):
 garbage-first heap   total 481280K, used 250816K [0x0000000080000000, 0x0000000100000000)
  region size 1024K, 11 young (11264K), 11 survivors (11264K)
 Metaspace       used 117889K, committed 118656K, reserved 1155072K
  class space    used 15858K, committed 16192K, reserved 1048576K
}
Event: 28.862 GC heap before
{Heap before GC invocations=65 (full 0):
 garbage-first heap   total 481280K, used 371648K [0x0000000080000000, 0x0000000100000000)
  region size 1024K, 126 young (129024K), 11 survivors (11264K)
 Metaspace       used 118680K, committed 119424K, reserved 1155072K
  class space    used 15934K, committed 16256K, reserved 1048576K
}
Event: 28.883 GC heap after
{Heap after GC invocations=66 (full 0):
 garbage-first heap   total 481280K, used 263744K [0x0000000080000000, 0x0000000100000000)
  region size 1024K, 11 young (11264K), 11 survivors (11264K)
 Metaspace       used 118680K, committed 119424K, reserved 1155072K
  class space    used 15934K, committed 16256K, reserved 1048576K
}
Event: 29.033 GC heap before
{Heap before GC invocations=66 (full 0):
 garbage-first heap   total 481280K, used 276032K [0x0000000080000000, 0x0000000100000000)
  region size 1024K, 23 young (23552K), 11 survivors (11264K)
 Metaspace       used 118748K, committed 119488K, reserved 1155072K
  class space    used 15942K, committed 16256K, reserved 1048576K
}
Event: 29.039 GC heap after
{Heap after GC invocations=67 (full 0):
 garbage-first heap   total 481280K, used 240751K [0x0000000080000000, 0x0000000100000000)
  region size 1024K, 2 young (2048K), 2 survivors (2048K)
 Metaspace       used 118748K, committed 119488K, reserved 1155072K
  class space    used 15942K, committed 16256K, reserved 1048576K
}
Event: 30.633 GC heap before
{Heap before GC invocations=67 (full 0):
 garbage-first heap   total 481280K, used 393327K [0x0000000080000000, 0x0000000100000000)
  region size 1024K, 132 young (135168K), 2 survivors (2048K)
 Metaspace       used 127041K, committed 127808K, reserved 1163264K
  class space    used 16977K, committed 17344K, reserved 1048576K
}
Event: 30.640 GC heap after
{Heap after GC invocations=68 (full 0):
 garbage-first heap   total 481280K, used 252280K [0x0000000080000000, 0x0000000100000000)
  region size 1024K, 11 young (11264K), 11 survivors (11264K)
 Metaspace       used 127041K, committed 127808K, reserved 1163264K
  class space    used 16977K, committed 17344K, reserved 1048576K
}
Event: 31.604 GC heap before
{Heap before GC invocations=68 (full 0):
 garbage-first heap   total 481280K, used 382328K [0x0000000080000000, 0x0000000100000000)
  region size 1024K, 136 young (139264K), 11 survivors (11264K)
 Metaspace       used 129242K, committed 130048K, reserved 1163264K
  class space    used 17274K, committed 17664K, reserved 1048576K
}
Event: 31.611 GC heap after
{Heap after GC invocations=69 (full 0):
 garbage-first heap   total 481280K, used 253581K [0x0000000080000000, 0x0000000100000000)
  region size 1024K, 7 young (7168K), 7 survivors (7168K)
 Metaspace       used 129242K, committed 130048K, reserved 1163264K
  class space    used 17274K, committed 17664K, reserved 1048576K
}

